{"C:\\Users\\User\\Desktop\\Apply Job\\test\\MC Payment\\app.js": {"path":"C:\\Users\\User\\Desktop\\Apply Job\\test\\MC Payment\\app.js","statementMap":{"0":{"start":{"line":1,"column":13},"end":{"line":1,"column":28}},"1":{"start":{"line":2,"column":16},"end":{"line":2,"column":34}},"2":{"start":{"line":3,"column":12},"end":{"line":3,"column":21}},"3":{"start":{"line":4,"column":13},"end":{"line":4,"column":17}},"4":{"start":{"line":5,"column":15},"end":{"line":5,"column":34}},"5":{"start":{"line":6,"column":21},"end":{"line":6,"column":58}},"6":{"start":{"line":8,"column":0},"end":{"line":8,"column":16}},"7":{"start":{"line":9,"column":0},"end":{"line":9,"column":24}},"8":{"start":{"line":10,"column":0},"end":{"line":10,"column":48}},"9":{"start":{"line":12,"column":0},"end":{"line":12,"column":16}},"10":{"start":{"line":13,"column":0},"end":{"line":13,"column":22}},"11":{"start":{"line":19,"column":0},"end":{"line":19,"column":21}}},"fnMap":{},"branchMap":{},"s":{"0":3,"1":3,"2":3,"3":3,"4":3,"5":3,"6":3,"7":3,"8":3,"9":3,"10":3,"11":3},"f":{},"b":{},"_coverageSchema":"1a1c01bbd47fc00a2c39e90264f33305004495a9","hash":"9ac886172b1e44d552ad17e608b3c198f2029a1a"}
,"C:\\Users\\User\\Desktop\\Apply Job\\test\\MC Payment\\controllers\\category-controller.js": {"path":"C:\\Users\\User\\Desktop\\Apply Job\\test\\MC Payment\\controllers\\category-controller.js","statementMap":{"0":{"start":{"line":1,"column":21},"end":{"line":1,"column":41}},"1":{"start":{"line":5,"column":4},"end":{"line":14,"column":5}},"2":{"start":{"line":6,"column":23},"end":{"line":10,"column":8}},"3":{"start":{"line":11,"column":6},"end":{"line":11,"column":37}},"4":{"start":{"line":13,"column":6},"end":{"line":13,"column":18}},"5":{"start":{"line":18,"column":4},"end":{"line":26,"column":5}},"6":{"start":{"line":19,"column":29},"end":{"line":19,"column":37}},"7":{"start":{"line":20,"column":23},"end":{"line":20,"column":60}},"8":{"start":{"line":21,"column":6},"end":{"line":23,"column":9}},"9":{"start":{"line":25,"column":6},"end":{"line":25,"column":18}},"10":{"start":{"line":30,"column":4},"end":{"line":50,"column":5}},"11":{"start":{"line":31,"column":29},"end":{"line":31,"column":37}},"12":{"start":{"line":32,"column":17},"end":{"line":32,"column":38}},"13":{"start":{"line":33,"column":6},"end":{"line":33,"column":51}},"14":{"start":{"line":33,"column":22},"end":{"line":33,"column":51}},"15":{"start":{"line":34,"column":6},"end":{"line":34,"column":58}},"16":{"start":{"line":34,"column":26},"end":{"line":34,"column":58}},"17":{"start":{"line":36,"column":28},"end":{"line":36,"column":55}},"18":{"start":{"line":37,"column":6},"end":{"line":37,"column":53}},"19":{"start":{"line":37,"column":26},"end":{"line":37,"column":53}},"20":{"start":{"line":39,"column":30},"end":{"line":42,"column":7}},"21":{"start":{"line":43,"column":6},"end":{"line":43,"column":63}},"22":{"start":{"line":43,"column":31},"end":{"line":43,"column":63}},"23":{"start":{"line":45,"column":6},"end":{"line":47,"column":9}},"24":{"start":{"line":49,"column":6},"end":{"line":49,"column":18}},"25":{"start":{"line":54,"column":4},"end":{"line":66,"column":5}},"26":{"start":{"line":55,"column":29},"end":{"line":55,"column":39}},"27":{"start":{"line":56,"column":6},"end":{"line":56,"column":59}},"28":{"start":{"line":56,"column":30},"end":{"line":56,"column":59}},"29":{"start":{"line":58,"column":23},"end":{"line":58,"column":76}},"30":{"start":{"line":59,"column":6},"end":{"line":59,"column":48}},"31":{"start":{"line":59,"column":21},"end":{"line":59,"column":48}},"32":{"start":{"line":61,"column":6},"end":{"line":63,"column":9}},"33":{"start":{"line":65,"column":6},"end":{"line":65,"column":18}},"34":{"start":{"line":70,"column":0},"end":{"line":70,"column":36}}},"fnMap":{"0":{"name":"(anonymous_0)","decl":{"start":{"line":4,"column":2},"end":{"line":4,"column":3}},"loc":{"start":{"line":4,"column":45},"end":{"line":15,"column":3}},"line":4},"1":{"name":"(anonymous_1)","decl":{"start":{"line":17,"column":2},"end":{"line":17,"column":3}},"loc":{"start":{"line":17,"column":43},"end":{"line":27,"column":3}},"line":17},"2":{"name":"(anonymous_2)","decl":{"start":{"line":29,"column":2},"end":{"line":29,"column":3}},"loc":{"start":{"line":29,"column":46},"end":{"line":51,"column":3}},"line":29},"3":{"name":"(anonymous_3)","decl":{"start":{"line":53,"column":2},"end":{"line":53,"column":3}},"loc":{"start":{"line":53,"column":46},"end":{"line":67,"column":3}},"line":53}},"branchMap":{"0":{"loc":{"start":{"line":33,"column":6},"end":{"line":33,"column":51}},"type":"if","locations":[{"start":{"line":33,"column":6},"end":{"line":33,"column":51}},{"start":{},"end":{}}],"line":33},"1":{"loc":{"start":{"line":34,"column":6},"end":{"line":34,"column":58}},"type":"if","locations":[{"start":{"line":34,"column":6},"end":{"line":34,"column":58}},{"start":{},"end":{}}],"line":34},"2":{"loc":{"start":{"line":34,"column":10},"end":{"line":34,"column":24}},"type":"binary-expr","locations":[{"start":{"line":34,"column":10},"end":{"line":34,"column":15}},{"start":{"line":34,"column":19},"end":{"line":34,"column":24}}],"line":34},"3":{"loc":{"start":{"line":37,"column":6},"end":{"line":37,"column":53}},"type":"if","locations":[{"start":{"line":37,"column":6},"end":{"line":37,"column":53}},{"start":{},"end":{}}],"line":37},"4":{"loc":{"start":{"line":43,"column":6},"end":{"line":43,"column":63}},"type":"if","locations":[{"start":{"line":43,"column":6},"end":{"line":43,"column":63}},{"start":{},"end":{}}],"line":43},"5":{"loc":{"start":{"line":56,"column":6},"end":{"line":56,"column":59}},"type":"if","locations":[{"start":{"line":56,"column":6},"end":{"line":56,"column":59}},{"start":{},"end":{}}],"line":56},"6":{"loc":{"start":{"line":59,"column":6},"end":{"line":59,"column":48}},"type":"if","locations":[{"start":{"line":59,"column":6},"end":{"line":59,"column":48}},{"start":{},"end":{}}],"line":59}},"s":{"0":3,"1":1,"2":1,"3":1,"4":0,"5":3,"6":3,"7":3,"8":1,"9":2,"10":4,"11":4,"12":4,"13":4,"14":0,"15":4,"16":2,"17":2,"18":2,"19":1,"20":1,"21":1,"22":0,"23":1,"24":3,"25":2,"26":2,"27":2,"28":0,"29":2,"30":2,"31":1,"32":1,"33":1,"34":3},"f":{"0":1,"1":3,"2":4,"3":2},"b":{"0":[0,4],"1":[2,2],"2":[4,3],"3":[1,1],"4":[0,1],"5":[0,2],"6":[1,1]},"_coverageSchema":"1a1c01bbd47fc00a2c39e90264f33305004495a9","hash":"e39522135d31e0b80029ff2e1f615a749d0bbc66"}
,"C:\\Users\\User\\Desktop\\Apply Job\\test\\MC Payment\\controllers\\transaction-controller.js": {"path":"C:\\Users\\User\\Desktop\\Apply Job\\test\\MC Payment\\controllers\\transaction-controller.js","statementMap":{"0":{"start":{"line":1,"column":15},"end":{"line":1,"column":35}},"1":{"start":{"line":2,"column":53},"end":{"line":2,"column":73}},"2":{"start":{"line":6,"column":14},"end":{"line":6,"column":43}},"3":{"start":{"line":7,"column":4},"end":{"line":54,"column":5}},"4":{"start":{"line":8,"column":66},"end":{"line":8,"column":74}},"5":{"start":{"line":10,"column":27},"end":{"line":12,"column":8}},"6":{"start":{"line":13,"column":6},"end":{"line":13,"column":52}},"7":{"start":{"line":13,"column":25},"end":{"line":13,"column":52}},"8":{"start":{"line":15,"column":25},"end":{"line":15,"column":76}},"9":{"start":{"line":16,"column":6},"end":{"line":16,"column":50}},"10":{"start":{"line":16,"column":23},"end":{"line":16,"column":50}},"11":{"start":{"line":18,"column":32},"end":{"line":30,"column":7}},"12":{"start":{"line":32,"column":20},"end":{"line":32,"column":22}},"13":{"start":{"line":33,"column":6},"end":{"line":37,"column":7}},"14":{"start":{"line":34,"column":8},"end":{"line":34,"column":60}},"15":{"start":{"line":35,"column":13},"end":{"line":37,"column":7}},"16":{"start":{"line":36,"column":8},"end":{"line":36,"column":60}},"17":{"start":{"line":38,"column":6},"end":{"line":38,"column":63}},"18":{"start":{"line":38,"column":31},"end":{"line":38,"column":63}},"19":{"start":{"line":39,"column":26},"end":{"line":44,"column":8}},"20":{"start":{"line":45,"column":6},"end":{"line":45,"column":61}},"21":{"start":{"line":45,"column":29},"end":{"line":45,"column":61}},"22":{"start":{"line":47,"column":6},"end":{"line":47,"column":23}},"23":{"start":{"line":48,"column":6},"end":{"line":50,"column":9}},"24":{"start":{"line":52,"column":6},"end":{"line":52,"column":25}},"25":{"start":{"line":53,"column":6},"end":{"line":53,"column":18}},"26":{"start":{"line":58,"column":4},"end":{"line":72,"column":5}},"27":{"start":{"line":59,"column":31},"end":{"line":68,"column":8}},"28":{"start":{"line":69,"column":6},"end":{"line":69,"column":45}},"29":{"start":{"line":71,"column":6},"end":{"line":71,"column":18}},"30":{"start":{"line":76,"column":4},"end":{"line":98,"column":5}},"31":{"start":{"line":77,"column":32},"end":{"line":77,"column":42}},"32":{"start":{"line":78,"column":6},"end":{"line":78,"column":62}},"33":{"start":{"line":78,"column":33},"end":{"line":78,"column":62}},"34":{"start":{"line":80,"column":26},"end":{"line":92,"column":8}},"35":{"start":{"line":93,"column":6},"end":{"line":93,"column":51}},"36":{"start":{"line":93,"column":24},"end":{"line":93,"column":51}},"37":{"start":{"line":95,"column":6},"end":{"line":95,"column":40}},"38":{"start":{"line":97,"column":6},"end":{"line":97,"column":18}},"39":{"start":{"line":102,"column":14},"end":{"line":102,"column":43}},"40":{"start":{"line":103,"column":4},"end":{"line":197,"column":5}},"41":{"start":{"line":104,"column":32},"end":{"line":104,"column":42}},"42":{"start":{"line":105,"column":6},"end":{"line":105,"column":62}},"43":{"start":{"line":105,"column":33},"end":{"line":105,"column":62}},"44":{"start":{"line":107,"column":64},"end":{"line":107,"column":72}},"45":{"start":{"line":108,"column":6},"end":{"line":108,"column":58}},"46":{"start":{"line":108,"column":26},"end":{"line":108,"column":58}},"47":{"start":{"line":110,"column":31},"end":{"line":112,"column":8}},"48":{"start":{"line":113,"column":6},"end":{"line":113,"column":56}},"49":{"start":{"line":113,"column":29},"end":{"line":113,"column":56}},"50":{"start":{"line":115,"column":27},"end":{"line":118,"column":7}},"51":{"start":{"line":120,"column":6},"end":{"line":170,"column":7}},"52":{"start":{"line":125,"column":22},"end":{"line":125,"column":23}},"53":{"start":{"line":127,"column":8},"end":{"line":131,"column":9}},"54":{"start":{"line":128,"column":10},"end":{"line":128,"column":45}},"55":{"start":{"line":129,"column":15},"end":{"line":131,"column":9}},"56":{"start":{"line":130,"column":10},"end":{"line":130,"column":45}},"57":{"start":{"line":132,"column":29},"end":{"line":135,"column":9}},"58":{"start":{"line":136,"column":8},"end":{"line":136,"column":65}},"59":{"start":{"line":136,"column":33},"end":{"line":136,"column":65}},"60":{"start":{"line":138,"column":29},"end":{"line":140,"column":10}},"61":{"start":{"line":141,"column":8},"end":{"line":141,"column":70}},"62":{"start":{"line":141,"column":38},"end":{"line":141,"column":70}},"63":{"start":{"line":143,"column":26},"end":{"line":145,"column":10}},"64":{"start":{"line":146,"column":8},"end":{"line":146,"column":51}},"65":{"start":{"line":146,"column":24},"end":{"line":146,"column":51}},"66":{"start":{"line":148,"column":28},"end":{"line":150,"column":10}},"67":{"start":{"line":151,"column":8},"end":{"line":151,"column":53}},"68":{"start":{"line":151,"column":26},"end":{"line":151,"column":53}},"69":{"start":{"line":153,"column":25},"end":{"line":153,"column":26}},"70":{"start":{"line":154,"column":8},"end":{"line":158,"column":9}},"71":{"start":{"line":155,"column":10},"end":{"line":155,"column":31}},"72":{"start":{"line":156,"column":15},"end":{"line":158,"column":9}},"73":{"start":{"line":157,"column":10},"end":{"line":157,"column":31}},"74":{"start":{"line":160,"column":28},"end":{"line":163,"column":9}},"75":{"start":{"line":164,"column":8},"end":{"line":164,"column":66}},"76":{"start":{"line":164,"column":34},"end":{"line":164,"column":66}},"77":{"start":{"line":166,"column":28},"end":{"line":168,"column":10}},"78":{"start":{"line":169,"column":8},"end":{"line":169,"column":71}},"79":{"start":{"line":169,"column":39},"end":{"line":169,"column":71}},"80":{"start":{"line":172,"column":33},"end":{"line":186,"column":7}},"81":{"start":{"line":187,"column":6},"end":{"line":187,"column":66}},"82":{"start":{"line":187,"column":34},"end":{"line":187,"column":66}},"83":{"start":{"line":189,"column":6},"end":{"line":189,"column":23}},"84":{"start":{"line":191,"column":6},"end":{"line":193,"column":9}},"85":{"start":{"line":195,"column":6},"end":{"line":195,"column":25}},"86":{"start":{"line":196,"column":6},"end":{"line":196,"column":18}},"87":{"start":{"line":201,"column":14},"end":{"line":201,"column":43}},"88":{"start":{"line":202,"column":4},"end":{"line":254,"column":5}},"89":{"start":{"line":203,"column":32},"end":{"line":203,"column":42}},"90":{"start":{"line":204,"column":6},"end":{"line":204,"column":62}},"91":{"start":{"line":204,"column":33},"end":{"line":204,"column":62}},"92":{"start":{"line":206,"column":30},"end":{"line":208,"column":8}},"93":{"start":{"line":209,"column":6},"end":{"line":209,"column":55}},"94":{"start":{"line":209,"column":28},"end":{"line":209,"column":55}},"95":{"start":{"line":211,"column":25},"end":{"line":213,"column":8}},"96":{"start":{"line":214,"column":6},"end":{"line":214,"column":50}},"97":{"start":{"line":214,"column":23},"end":{"line":214,"column":50}},"98":{"start":{"line":216,"column":27},"end":{"line":218,"column":8}},"99":{"start":{"line":219,"column":6},"end":{"line":219,"column":52}},"100":{"start":{"line":219,"column":25},"end":{"line":219,"column":52}},"101":{"start":{"line":221,"column":20},"end":{"line":221,"column":51}},"102":{"start":{"line":222,"column":6},"end":{"line":226,"column":7}},"103":{"start":{"line":223,"column":8},"end":{"line":223,"column":51}},"104":{"start":{"line":224,"column":13},"end":{"line":226,"column":7}},"105":{"start":{"line":225,"column":8},"end":{"line":225,"column":51}},"106":{"start":{"line":227,"column":28},"end":{"line":232,"column":8}},"107":{"start":{"line":233,"column":6},"end":{"line":233,"column":61}},"108":{"start":{"line":233,"column":29},"end":{"line":233,"column":61}},"109":{"start":{"line":235,"column":6},"end":{"line":240,"column":9}},"110":{"start":{"line":242,"column":27},"end":{"line":244,"column":8}},"111":{"start":{"line":245,"column":6},"end":{"line":245,"column":68}},"112":{"start":{"line":245,"column":36},"end":{"line":245,"column":68}},"113":{"start":{"line":247,"column":6},"end":{"line":247,"column":23}},"114":{"start":{"line":248,"column":6},"end":{"line":250,"column":9}},"115":{"start":{"line":252,"column":6},"end":{"line":252,"column":25}},"116":{"start":{"line":253,"column":6},"end":{"line":253,"column":18}},"117":{"start":{"line":258,"column":0},"end":{"line":258,"column":39}}},"fnMap":{"0":{"name":"(anonymous_0)","decl":{"start":{"line":5,"column":2},"end":{"line":5,"column":3}},"loc":{"start":{"line":5,"column":46},"end":{"line":55,"column":3}},"line":5},"1":{"name":"(anonymous_1)","decl":{"start":{"line":57,"column":2},"end":{"line":57,"column":3}},"loc":{"start":{"line":57,"column":46},"end":{"line":73,"column":3}},"line":57},"2":{"name":"(anonymous_2)","decl":{"start":{"line":75,"column":2},"end":{"line":75,"column":3}},"loc":{"start":{"line":75,"column":52},"end":{"line":99,"column":3}},"line":75},"3":{"name":"(anonymous_3)","decl":{"start":{"line":101,"column":2},"end":{"line":101,"column":3}},"loc":{"start":{"line":101,"column":49},"end":{"line":198,"column":3}},"line":101},"4":{"name":"(anonymous_4)","decl":{"start":{"line":200,"column":2},"end":{"line":200,"column":3}},"loc":{"start":{"line":200,"column":49},"end":{"line":255,"column":3}},"line":200}},"branchMap":{"0":{"loc":{"start":{"line":13,"column":6},"end":{"line":13,"column":52}},"type":"if","locations":[{"start":{"line":13,"column":6},"end":{"line":13,"column":52}},{"start":{},"end":{}}],"line":13},"1":{"loc":{"start":{"line":16,"column":6},"end":{"line":16,"column":50}},"type":"if","locations":[{"start":{"line":16,"column":6},"end":{"line":16,"column":50}},{"start":{},"end":{}}],"line":16},"2":{"loc":{"start":{"line":33,"column":6},"end":{"line":37,"column":7}},"type":"if","locations":[{"start":{"line":33,"column":6},"end":{"line":37,"column":7}},{"start":{"line":35,"column":13},"end":{"line":37,"column":7}}],"line":33},"3":{"loc":{"start":{"line":35,"column":13},"end":{"line":37,"column":7}},"type":"if","locations":[{"start":{"line":35,"column":13},"end":{"line":37,"column":7}},{"start":{},"end":{}}],"line":35},"4":{"loc":{"start":{"line":38,"column":6},"end":{"line":38,"column":63}},"type":"if","locations":[{"start":{"line":38,"column":6},"end":{"line":38,"column":63}},{"start":{},"end":{}}],"line":38},"5":{"loc":{"start":{"line":45,"column":6},"end":{"line":45,"column":61}},"type":"if","locations":[{"start":{"line":45,"column":6},"end":{"line":45,"column":61}},{"start":{},"end":{}}],"line":45},"6":{"loc":{"start":{"line":78,"column":6},"end":{"line":78,"column":62}},"type":"if","locations":[{"start":{"line":78,"column":6},"end":{"line":78,"column":62}},{"start":{},"end":{}}],"line":78},"7":{"loc":{"start":{"line":93,"column":6},"end":{"line":93,"column":51}},"type":"if","locations":[{"start":{"line":93,"column":6},"end":{"line":93,"column":51}},{"start":{},"end":{}}],"line":93},"8":{"loc":{"start":{"line":105,"column":6},"end":{"line":105,"column":62}},"type":"if","locations":[{"start":{"line":105,"column":6},"end":{"line":105,"column":62}},{"start":{},"end":{}}],"line":105},"9":{"loc":{"start":{"line":108,"column":6},"end":{"line":108,"column":58}},"type":"if","locations":[{"start":{"line":108,"column":6},"end":{"line":108,"column":58}},{"start":{},"end":{}}],"line":108},"10":{"loc":{"start":{"line":113,"column":6},"end":{"line":113,"column":56}},"type":"if","locations":[{"start":{"line":113,"column":6},"end":{"line":113,"column":56}},{"start":{},"end":{}}],"line":113},"11":{"loc":{"start":{"line":120,"column":6},"end":{"line":170,"column":7}},"type":"if","locations":[{"start":{"line":120,"column":6},"end":{"line":170,"column":7}},{"start":{},"end":{}}],"line":120},"12":{"loc":{"start":{"line":121,"column":8},"end":{"line":123,"column":49}},"type":"binary-expr","locations":[{"start":{"line":121,"column":8},"end":{"line":121,"column":45}},{"start":{"line":122,"column":8},"end":{"line":122,"column":41}},{"start":{"line":123,"column":8},"end":{"line":123,"column":49}}],"line":121},"13":{"loc":{"start":{"line":127,"column":8},"end":{"line":131,"column":9}},"type":"if","locations":[{"start":{"line":127,"column":8},"end":{"line":131,"column":9}},{"start":{"line":129,"column":15},"end":{"line":131,"column":9}}],"line":127},"14":{"loc":{"start":{"line":129,"column":15},"end":{"line":131,"column":9}},"type":"if","locations":[{"start":{"line":129,"column":15},"end":{"line":131,"column":9}},{"start":{},"end":{}}],"line":129},"15":{"loc":{"start":{"line":136,"column":8},"end":{"line":136,"column":65}},"type":"if","locations":[{"start":{"line":136,"column":8},"end":{"line":136,"column":65}},{"start":{},"end":{}}],"line":136},"16":{"loc":{"start":{"line":141,"column":8},"end":{"line":141,"column":70}},"type":"if","locations":[{"start":{"line":141,"column":8},"end":{"line":141,"column":70}},{"start":{},"end":{}}],"line":141},"17":{"loc":{"start":{"line":146,"column":8},"end":{"line":146,"column":51}},"type":"if","locations":[{"start":{"line":146,"column":8},"end":{"line":146,"column":51}},{"start":{},"end":{}}],"line":146},"18":{"loc":{"start":{"line":151,"column":8},"end":{"line":151,"column":53}},"type":"if","locations":[{"start":{"line":151,"column":8},"end":{"line":151,"column":53}},{"start":{},"end":{}}],"line":151},"19":{"loc":{"start":{"line":154,"column":8},"end":{"line":158,"column":9}},"type":"if","locations":[{"start":{"line":154,"column":8},"end":{"line":158,"column":9}},{"start":{"line":156,"column":15},"end":{"line":158,"column":9}}],"line":154},"20":{"loc":{"start":{"line":156,"column":15},"end":{"line":158,"column":9}},"type":"if","locations":[{"start":{"line":156,"column":15},"end":{"line":158,"column":9}},{"start":{},"end":{}}],"line":156},"21":{"loc":{"start":{"line":164,"column":8},"end":{"line":164,"column":66}},"type":"if","locations":[{"start":{"line":164,"column":8},"end":{"line":164,"column":66}},{"start":{},"end":{}}],"line":164},"22":{"loc":{"start":{"line":169,"column":8},"end":{"line":169,"column":71}},"type":"if","locations":[{"start":{"line":169,"column":8},"end":{"line":169,"column":71}},{"start":{},"end":{}}],"line":169},"23":{"loc":{"start":{"line":187,"column":6},"end":{"line":187,"column":66}},"type":"if","locations":[{"start":{"line":187,"column":6},"end":{"line":187,"column":66}},{"start":{},"end":{}}],"line":187},"24":{"loc":{"start":{"line":204,"column":6},"end":{"line":204,"column":62}},"type":"if","locations":[{"start":{"line":204,"column":6},"end":{"line":204,"column":62}},{"start":{},"end":{}}],"line":204},"25":{"loc":{"start":{"line":209,"column":6},"end":{"line":209,"column":55}},"type":"if","locations":[{"start":{"line":209,"column":6},"end":{"line":209,"column":55}},{"start":{},"end":{}}],"line":209},"26":{"loc":{"start":{"line":214,"column":6},"end":{"line":214,"column":50}},"type":"if","locations":[{"start":{"line":214,"column":6},"end":{"line":214,"column":50}},{"start":{},"end":{}}],"line":214},"27":{"loc":{"start":{"line":219,"column":6},"end":{"line":219,"column":52}},"type":"if","locations":[{"start":{"line":219,"column":6},"end":{"line":219,"column":52}},{"start":{},"end":{}}],"line":219},"28":{"loc":{"start":{"line":222,"column":6},"end":{"line":226,"column":7}},"type":"if","locations":[{"start":{"line":222,"column":6},"end":{"line":226,"column":7}},{"start":{"line":224,"column":13},"end":{"line":226,"column":7}}],"line":222},"29":{"loc":{"start":{"line":224,"column":13},"end":{"line":226,"column":7}},"type":"if","locations":[{"start":{"line":224,"column":13},"end":{"line":226,"column":7}},{"start":{},"end":{}}],"line":224},"30":{"loc":{"start":{"line":233,"column":6},"end":{"line":233,"column":61}},"type":"if","locations":[{"start":{"line":233,"column":6},"end":{"line":233,"column":61}},{"start":{},"end":{}}],"line":233},"31":{"loc":{"start":{"line":245,"column":6},"end":{"line":245,"column":68}},"type":"if","locations":[{"start":{"line":245,"column":6},"end":{"line":245,"column":68}},{"start":{},"end":{}}],"line":245}},"s":{"0":3,"1":3,"2":9,"3":9,"4":9,"5":9,"6":9,"7":2,"8":7,"9":7,"10":2,"11":5,"12":2,"13":2,"14":1,"15":1,"16":1,"17":2,"18":1,"19":1,"20":1,"21":0,"22":1,"23":1,"24":8,"25":8,"26":1,"27":1,"28":1,"29":0,"30":3,"31":3,"32":3,"33":1,"34":2,"35":2,"36":1,"37":1,"38":2,"39":12,"40":12,"41":12,"42":12,"43":1,"44":11,"45":11,"46":0,"47":11,"48":11,"49":1,"50":10,"51":10,"52":9,"53":9,"54":8,"55":1,"56":1,"57":9,"58":9,"59":0,"60":9,"61":9,"62":4,"63":5,"64":5,"65":1,"66":4,"67":4,"68":1,"69":3,"70":3,"71":1,"72":2,"73":2,"74":3,"75":3,"76":0,"77":3,"78":3,"79":1,"80":3,"81":3,"82":0,"83":3,"84":3,"85":9,"86":9,"87":5,"88":5,"89":5,"90":5,"91":1,"92":4,"93":4,"94":1,"95":3,"96":3,"97":0,"98":3,"99":3,"100":0,"101":3,"102":3,"103":2,"104":1,"105":1,"106":3,"107":3,"108":0,"109":3,"110":3,"111":3,"112":1,"113":2,"114":2,"115":3,"116":3,"117":3},"f":{"0":9,"1":1,"2":3,"3":12,"4":5},"b":{"0":[2,7],"1":[2,5],"2":[1,1],"3":[1,0],"4":[1,1],"5":[0,1],"6":[1,2],"7":[1,1],"8":[1,11],"9":[0,11],"10":[1,10],"11":[9,1],"12":[10,8,2],"13":[8,1],"14":[1,0],"15":[0,9],"16":[4,5],"17":[1,4],"18":[1,3],"19":[1,2],"20":[2,0],"21":[0,3],"22":[1,2],"23":[0,3],"24":[1,4],"25":[1,3],"26":[0,3],"27":[0,3],"28":[2,1],"29":[1,0],"30":[0,3],"31":[1,2]},"_coverageSchema":"1a1c01bbd47fc00a2c39e90264f33305004495a9","hash":"664d0b8f5de83e9203a85ded97b784152a757bdc"}
,"C:\\Users\\User\\Desktop\\Apply Job\\test\\MC Payment\\controllers\\wallet-controller.js": {"path":"C:\\Users\\User\\Desktop\\Apply Job\\test\\MC Payment\\controllers\\wallet-controller.js","statementMap":{"0":{"start":{"line":1,"column":42},"end":{"line":1,"column":62}},"1":{"start":{"line":2,"column":15},"end":{"line":2,"column":35}},"2":{"start":{"line":6,"column":4},"end":{"line":17,"column":5}},"3":{"start":{"line":7,"column":22},"end":{"line":12,"column":8}},"4":{"start":{"line":14,"column":6},"end":{"line":14,"column":36}},"5":{"start":{"line":16,"column":6},"end":{"line":16,"column":18}},"6":{"start":{"line":21,"column":4},"end":{"line":44,"column":5}},"7":{"start":{"line":22,"column":27},"end":{"line":22,"column":37}},"8":{"start":{"line":23,"column":6},"end":{"line":23,"column":57}},"9":{"start":{"line":23,"column":28},"end":{"line":23,"column":57}},"10":{"start":{"line":25,"column":20},"end":{"line":37,"column":7}},"11":{"start":{"line":38,"column":21},"end":{"line":38,"column":59}},"12":{"start":{"line":39,"column":6},"end":{"line":39,"column":46}},"13":{"start":{"line":39,"column":19},"end":{"line":39,"column":46}},"14":{"start":{"line":41,"column":6},"end":{"line":41,"column":35}},"15":{"start":{"line":43,"column":6},"end":{"line":43,"column":18}},"16":{"start":{"line":48,"column":4},"end":{"line":59,"column":5}},"17":{"start":{"line":49,"column":23},"end":{"line":49,"column":31}},"18":{"start":{"line":50,"column":24},"end":{"line":52,"column":8}},"19":{"start":{"line":54,"column":6},"end":{"line":56,"column":9}},"20":{"start":{"line":58,"column":6},"end":{"line":58,"column":18}},"21":{"start":{"line":63,"column":4},"end":{"line":79,"column":5}},"22":{"start":{"line":64,"column":27},"end":{"line":64,"column":37}},"23":{"start":{"line":65,"column":6},"end":{"line":65,"column":57}},"24":{"start":{"line":65,"column":28},"end":{"line":65,"column":57}},"25":{"start":{"line":67,"column":26},"end":{"line":71,"column":8}},"26":{"start":{"line":72,"column":6},"end":{"line":72,"column":53}},"27":{"start":{"line":72,"column":26},"end":{"line":72,"column":53}},"28":{"start":{"line":74,"column":6},"end":{"line":76,"column":78}},"29":{"start":{"line":78,"column":6},"end":{"line":78,"column":18}},"30":{"start":{"line":83,"column":4},"end":{"line":109,"column":5}},"31":{"start":{"line":84,"column":27},"end":{"line":84,"column":37}},"32":{"start":{"line":85,"column":23},"end":{"line":85,"column":31}},"33":{"start":{"line":86,"column":6},"end":{"line":86,"column":57}},"34":{"start":{"line":86,"column":28},"end":{"line":86,"column":57}},"35":{"start":{"line":87,"column":6},"end":{"line":89,"column":7}},"36":{"start":{"line":88,"column":8},"end":{"line":88,"column":40}},"37":{"start":{"line":91,"column":26},"end":{"line":91,"column":57}},"38":{"start":{"line":92,"column":6},"end":{"line":92,"column":51}},"39":{"start":{"line":92,"column":24},"end":{"line":92,"column":51}},"40":{"start":{"line":94,"column":28},"end":{"line":101,"column":7}},"41":{"start":{"line":102,"column":6},"end":{"line":102,"column":61}},"42":{"start":{"line":102,"column":29},"end":{"line":102,"column":61}},"43":{"start":{"line":104,"column":6},"end":{"line":106,"column":78}},"44":{"start":{"line":108,"column":6},"end":{"line":108,"column":18}},"45":{"start":{"line":113,"column":0},"end":{"line":113,"column":34}}},"fnMap":{"0":{"name":"(anonymous_0)","decl":{"start":{"line":5,"column":2},"end":{"line":5,"column":3}},"loc":{"start":{"line":5,"column":44},"end":{"line":18,"column":3}},"line":5},"1":{"name":"(anonymous_1)","decl":{"start":{"line":20,"column":2},"end":{"line":20,"column":3}},"loc":{"start":{"line":20,"column":47},"end":{"line":45,"column":3}},"line":20},"2":{"name":"(anonymous_2)","decl":{"start":{"line":47,"column":2},"end":{"line":47,"column":3}},"loc":{"start":{"line":47,"column":41},"end":{"line":60,"column":3}},"line":47},"3":{"name":"(anonymous_3)","decl":{"start":{"line":62,"column":2},"end":{"line":62,"column":3}},"loc":{"start":{"line":62,"column":44},"end":{"line":80,"column":3}},"line":62},"4":{"name":"(anonymous_4)","decl":{"start":{"line":82,"column":2},"end":{"line":82,"column":3}},"loc":{"start":{"line":82,"column":44},"end":{"line":110,"column":3}},"line":82}},"branchMap":{"0":{"loc":{"start":{"line":23,"column":6},"end":{"line":23,"column":57}},"type":"if","locations":[{"start":{"line":23,"column":6},"end":{"line":23,"column":57}},{"start":{},"end":{}}],"line":23},"1":{"loc":{"start":{"line":39,"column":6},"end":{"line":39,"column":46}},"type":"if","locations":[{"start":{"line":39,"column":6},"end":{"line":39,"column":46}},{"start":{},"end":{}}],"line":39},"2":{"loc":{"start":{"line":65,"column":6},"end":{"line":65,"column":57}},"type":"if","locations":[{"start":{"line":65,"column":6},"end":{"line":65,"column":57}},{"start":{},"end":{}}],"line":65},"3":{"loc":{"start":{"line":72,"column":6},"end":{"line":72,"column":53}},"type":"if","locations":[{"start":{"line":72,"column":6},"end":{"line":72,"column":53}},{"start":{},"end":{}}],"line":72},"4":{"loc":{"start":{"line":86,"column":6},"end":{"line":86,"column":57}},"type":"if","locations":[{"start":{"line":86,"column":6},"end":{"line":86,"column":57}},{"start":{},"end":{}}],"line":86},"5":{"loc":{"start":{"line":87,"column":6},"end":{"line":89,"column":7}},"type":"if","locations":[{"start":{"line":87,"column":6},"end":{"line":89,"column":7}},{"start":{},"end":{}}],"line":87},"6":{"loc":{"start":{"line":92,"column":6},"end":{"line":92,"column":51}},"type":"if","locations":[{"start":{"line":92,"column":6},"end":{"line":92,"column":51}},{"start":{},"end":{}}],"line":92},"7":{"loc":{"start":{"line":102,"column":6},"end":{"line":102,"column":61}},"type":"if","locations":[{"start":{"line":102,"column":6},"end":{"line":102,"column":61}},{"start":{},"end":{}}],"line":102}},"s":{"0":3,"1":3,"2":1,"3":1,"4":1,"5":0,"6":3,"7":3,"8":3,"9":1,"10":2,"11":2,"12":2,"13":1,"14":1,"15":2,"16":3,"17":3,"18":3,"19":1,"20":2,"21":3,"22":3,"23":3,"24":1,"25":2,"26":2,"27":1,"28":1,"29":2,"30":6,"31":6,"32":6,"33":6,"34":1,"35":5,"36":2,"37":3,"38":3,"39":2,"40":1,"41":1,"42":0,"43":1,"44":5,"45":3},"f":{"0":1,"1":3,"2":3,"3":3,"4":6},"b":{"0":[1,2],"1":[1,1],"2":[1,2],"3":[1,1],"4":[1,5],"5":[2,3],"6":[2,1],"7":[0,1]},"_coverageSchema":"1a1c01bbd47fc00a2c39e90264f33305004495a9","hash":"8f0980e6005b2d3685905192fb97bf4a69865c21"}
,"C:\\Users\\User\\Desktop\\Apply Job\\test\\MC Payment\\middlewares\\errorHandler.js": {"path":"C:\\Users\\User\\Desktop\\Apply Job\\test\\MC Payment\\middlewares\\errorHandler.js","statementMap":{"0":{"start":{"line":2,"column":2},"end":{"line":2,"column":42}},"1":{"start":{"line":3,"column":2},"end":{"line":21,"column":3}},"2":{"start":{"line":7,"column":19},"end":{"line":9,"column":6}},"3":{"start":{"line":8,"column":6},"end":{"line":8,"column":27}},"4":{"start":{"line":10,"column":4},"end":{"line":10,"column":46}},"5":{"start":{"line":11,"column":9},"end":{"line":21,"column":3}},"6":{"start":{"line":12,"column":4},"end":{"line":12,"column":52}},"7":{"start":{"line":13,"column":9},"end":{"line":21,"column":3}},"8":{"start":{"line":14,"column":4},"end":{"line":14,"column":65}},"9":{"start":{"line":15,"column":9},"end":{"line":21,"column":3}},"10":{"start":{"line":16,"column":4},"end":{"line":16,"column":66}},"11":{"start":{"line":17,"column":9},"end":{"line":21,"column":3}},"12":{"start":{"line":18,"column":4},"end":{"line":18,"column":56}},"13":{"start":{"line":20,"column":4},"end":{"line":20,"column":63}},"14":{"start":{"line":24,"column":0},"end":{"line":24,"column":30}}},"fnMap":{"0":{"name":"errorHandler","decl":{"start":{"line":1,"column":9},"end":{"line":1,"column":21}},"loc":{"start":{"line":1,"column":45},"end":{"line":22,"column":1}},"line":1},"1":{"name":"(anonymous_1)","decl":{"start":{"line":7,"column":36},"end":{"line":7,"column":37}},"loc":{"start":{"line":7,"column":47},"end":{"line":9,"column":5}},"line":7}},"branchMap":{"0":{"loc":{"start":{"line":3,"column":2},"end":{"line":21,"column":3}},"type":"if","locations":[{"start":{"line":3,"column":2},"end":{"line":21,"column":3}},{"start":{"line":11,"column":9},"end":{"line":21,"column":3}}],"line":3},"1":{"loc":{"start":{"line":4,"column":4},"end":{"line":5,"column":51}},"type":"binary-expr","locations":[{"start":{"line":4,"column":4},"end":{"line":4,"column":45}},{"start":{"line":5,"column":4},"end":{"line":5,"column":51}}],"line":4},"2":{"loc":{"start":{"line":11,"column":9},"end":{"line":21,"column":3}},"type":"if","locations":[{"start":{"line":11,"column":9},"end":{"line":21,"column":3}},{"start":{"line":13,"column":9},"end":{"line":21,"column":3}}],"line":11},"3":{"loc":{"start":{"line":13,"column":9},"end":{"line":21,"column":3}},"type":"if","locations":[{"start":{"line":13,"column":9},"end":{"line":21,"column":3}},{"start":{"line":15,"column":9},"end":{"line":21,"column":3}}],"line":13},"4":{"loc":{"start":{"line":15,"column":9},"end":{"line":21,"column":3}},"type":"if","locations":[{"start":{"line":15,"column":9},"end":{"line":21,"column":3}},{"start":{"line":17,"column":9},"end":{"line":21,"column":3}}],"line":15},"5":{"loc":{"start":{"line":17,"column":9},"end":{"line":21,"column":3}},"type":"if","locations":[{"start":{"line":17,"column":9},"end":{"line":21,"column":3}},{"start":{"line":19,"column":9},"end":{"line":21,"column":3}}],"line":17}},"s":{"0":39,"1":39,"2":7,"3":8,"4":7,"5":32,"6":6,"7":26,"8":4,"9":22,"10":7,"11":15,"12":15,"13":0,"14":3},"f":{"0":39,"1":8},"b":{"0":[7,32],"1":[39,32],"2":[6,26],"3":[4,22],"4":[7,15],"5":[15,0]},"_coverageSchema":"1a1c01bbd47fc00a2c39e90264f33305004495a9","hash":"c9ac5ed86bb6fa83d1379ff226f2d79ca0926af0"}
,"C:\\Users\\User\\Desktop\\Apply Job\\test\\MC Payment\\models\\category.js": {"path":"C:\\Users\\User\\Desktop\\Apply Job\\test\\MC Payment\\models\\category.js","statementMap":{"0":{"start":{"line":2,"column":18},"end":{"line":2,"column":38}},"1":{"start":{"line":3,"column":0},"end":{"line":48,"column":2}},"2":{"start":{"line":12,"column":6},"end":{"line":12,"column":73}},"3":{"start":{"line":15,"column":2},"end":{"line":46,"column":4}},"4":{"start":{"line":47,"column":2},"end":{"line":47,"column":18}}},"fnMap":{"0":{"name":"(anonymous_0)","decl":{"start":{"line":3,"column":17},"end":{"line":3,"column":18}},"loc":{"start":{"line":3,"column":43},"end":{"line":48,"column":1}},"line":3},"1":{"name":"(anonymous_1)","decl":{"start":{"line":10,"column":4},"end":{"line":10,"column":5}},"loc":{"start":{"line":10,"column":29},"end":{"line":13,"column":5}},"line":10}},"branchMap":{},"s":{"0":3,"1":3,"2":3,"3":3,"4":3},"f":{"0":3,"1":3},"b":{},"_coverageSchema":"1a1c01bbd47fc00a2c39e90264f33305004495a9","hash":"6c1d8d3acec6a4c136b0ac01e95073ccaa2f501f"}
,"C:\\Users\\User\\Desktop\\Apply Job\\test\\MC Payment\\models\\index.js": {"path":"C:\\Users\\User\\Desktop\\Apply Job\\test\\MC Payment\\models\\index.js","statementMap":{"0":{"start":{"line":3,"column":11},"end":{"line":3,"column":24}},"1":{"start":{"line":4,"column":13},"end":{"line":4,"column":28}},"2":{"start":{"line":5,"column":18},"end":{"line":5,"column":38}},"3":{"start":{"line":6,"column":16},"end":{"line":6,"column":34}},"4":{"start":{"line":7,"column":17},"end":{"line":7,"column":42}},"5":{"start":{"line":8,"column":12},"end":{"line":8,"column":49}},"6":{"start":{"line":9,"column":15},"end":{"line":9,"column":65}},"7":{"start":{"line":10,"column":11},"end":{"line":10,"column":13}},"8":{"start":{"line":13,"column":0},"end":{"line":17,"column":1}},"9":{"start":{"line":14,"column":2},"end":{"line":14,"column":74}},"10":{"start":{"line":16,"column":2},"end":{"line":16,"column":87}},"11":{"start":{"line":19,"column":0},"end":{"line":27,"column":5}},"12":{"start":{"line":22,"column":4},"end":{"line":22,"column":90}},"13":{"start":{"line":25,"column":18},"end":{"line":25,"column":85}},"14":{"start":{"line":26,"column":4},"end":{"line":26,"column":27}},"15":{"start":{"line":29,"column":0},"end":{"line":33,"column":3}},"16":{"start":{"line":30,"column":2},"end":{"line":32,"column":3}},"17":{"start":{"line":31,"column":4},"end":{"line":31,"column":32}},"18":{"start":{"line":35,"column":0},"end":{"line":35,"column":25}},"19":{"start":{"line":36,"column":0},"end":{"line":36,"column":25}},"20":{"start":{"line":38,"column":0},"end":{"line":38,"column":20}}},"fnMap":{"0":{"name":"(anonymous_0)","decl":{"start":{"line":21,"column":10},"end":{"line":21,"column":11}},"loc":{"start":{"line":21,"column":18},"end":{"line":23,"column":3}},"line":21},"1":{"name":"(anonymous_1)","decl":{"start":{"line":24,"column":11},"end":{"line":24,"column":12}},"loc":{"start":{"line":24,"column":19},"end":{"line":27,"column":3}},"line":24},"2":{"name":"(anonymous_2)","decl":{"start":{"line":29,"column":24},"end":{"line":29,"column":25}},"loc":{"start":{"line":29,"column":37},"end":{"line":33,"column":1}},"line":29}},"branchMap":{"0":{"loc":{"start":{"line":8,"column":12},"end":{"line":8,"column":49}},"type":"binary-expr","locations":[{"start":{"line":8,"column":12},"end":{"line":8,"column":32}},{"start":{"line":8,"column":36},"end":{"line":8,"column":49}}],"line":8},"1":{"loc":{"start":{"line":13,"column":0},"end":{"line":17,"column":1}},"type":"if","locations":[{"start":{"line":13,"column":0},"end":{"line":17,"column":1}},{"start":{"line":15,"column":7},"end":{"line":17,"column":1}}],"line":13},"2":{"loc":{"start":{"line":22,"column":11},"end":{"line":22,"column":89}},"type":"binary-expr","locations":[{"start":{"line":22,"column":12},"end":{"line":22,"column":35}},{"start":{"line":22,"column":41},"end":{"line":22,"column":58}},{"start":{"line":22,"column":64},"end":{"line":22,"column":88}}],"line":22},"3":{"loc":{"start":{"line":30,"column":2},"end":{"line":32,"column":3}},"type":"if","locations":[{"start":{"line":30,"column":2},"end":{"line":32,"column":3}},{"start":{},"end":{}}],"line":30}},"s":{"0":3,"1":3,"2":3,"3":3,"4":3,"5":3,"6":3,"7":3,"8":3,"9":0,"10":3,"11":3,"12":12,"13":9,"14":9,"15":3,"16":9,"17":9,"18":3,"19":3,"20":3},"f":{"0":12,"1":9,"2":9},"b":{"0":[3,0],"1":[0,3],"2":[12,12,9],"3":[9,0]},"_coverageSchema":"1a1c01bbd47fc00a2c39e90264f33305004495a9","hash":"62415e146ab3b6e62470490fe30ff4278410b25a"}
,"C:\\Users\\User\\Desktop\\Apply Job\\test\\MC Payment\\models\\transaction.js": {"path":"C:\\Users\\User\\Desktop\\Apply Job\\test\\MC Payment\\models\\transaction.js","statementMap":{"0":{"start":{"line":2,"column":18},"end":{"line":2,"column":38}},"1":{"start":{"line":3,"column":0},"end":{"line":92,"column":2}},"2":{"start":{"line":12,"column":6},"end":{"line":12,"column":75}},"3":{"start":{"line":13,"column":6},"end":{"line":13,"column":71}},"4":{"start":{"line":16,"column":2},"end":{"line":90,"column":4}},"5":{"start":{"line":91,"column":2},"end":{"line":91,"column":21}}},"fnMap":{"0":{"name":"(anonymous_0)","decl":{"start":{"line":3,"column":17},"end":{"line":3,"column":18}},"loc":{"start":{"line":3,"column":43},"end":{"line":92,"column":1}},"line":3},"1":{"name":"(anonymous_1)","decl":{"start":{"line":10,"column":4},"end":{"line":10,"column":5}},"loc":{"start":{"line":10,"column":29},"end":{"line":14,"column":5}},"line":10}},"branchMap":{},"s":{"0":3,"1":3,"2":3,"3":3,"4":3,"5":3},"f":{"0":3,"1":3},"b":{},"_coverageSchema":"1a1c01bbd47fc00a2c39e90264f33305004495a9","hash":"1acc237c6cf7f6763b37b938fa10bf1a03a7971a"}
,"C:\\Users\\User\\Desktop\\Apply Job\\test\\MC Payment\\models\\wallet.js": {"path":"C:\\Users\\User\\Desktop\\Apply Job\\test\\MC Payment\\models\\wallet.js","statementMap":{"0":{"start":{"line":2,"column":18},"end":{"line":2,"column":38}},"1":{"start":{"line":3,"column":0},"end":{"line":42,"column":2}},"2":{"start":{"line":12,"column":6},"end":{"line":12,"column":69}},"3":{"start":{"line":15,"column":2},"end":{"line":37,"column":4}},"4":{"start":{"line":38,"column":2},"end":{"line":40,"column":5}},"5":{"start":{"line":39,"column":4},"end":{"line":39,"column":23}},"6":{"start":{"line":41,"column":2},"end":{"line":41,"column":16}}},"fnMap":{"0":{"name":"(anonymous_0)","decl":{"start":{"line":3,"column":17},"end":{"line":3,"column":18}},"loc":{"start":{"line":3,"column":43},"end":{"line":42,"column":1}},"line":3},"1":{"name":"(anonymous_1)","decl":{"start":{"line":10,"column":4},"end":{"line":10,"column":5}},"loc":{"start":{"line":10,"column":29},"end":{"line":13,"column":5}},"line":10},"2":{"name":"(anonymous_2)","decl":{"start":{"line":38,"column":22},"end":{"line":38,"column":23}},"loc":{"start":{"line":38,"column":43},"end":{"line":40,"column":3}},"line":38}},"branchMap":{},"s":{"0":3,"1":3,"2":3,"3":3,"4":3,"5":1,"6":3},"f":{"0":3,"1":3,"2":1},"b":{},"_coverageSchema":"1a1c01bbd47fc00a2c39e90264f33305004495a9","hash":"c328c61e068d9a0f8b73e42665c8c2cd17d501c5"}
,"C:\\Users\\User\\Desktop\\Apply Job\\test\\MC Payment\\routes\\categoriesRouter.js": {"path":"C:\\Users\\User\\Desktop\\Apply Job\\test\\MC Payment\\routes\\categoriesRouter.js","statementMap":{"0":{"start":{"line":1,"column":15},"end":{"line":1,"column":42}},"1":{"start":{"line":2,"column":27},"end":{"line":2,"column":72}},"2":{"start":{"line":4,"column":0},"end":{"line":4,"column":50}},"3":{"start":{"line":5,"column":0},"end":{"line":5,"column":49}},"4":{"start":{"line":6,"column":0},"end":{"line":6,"column":62}},"5":{"start":{"line":7,"column":0},"end":{"line":7,"column":65}},"6":{"start":{"line":9,"column":0},"end":{"line":9,"column":24}}},"fnMap":{},"branchMap":{},"s":{"0":3,"1":3,"2":3,"3":3,"4":3,"5":3,"6":3},"f":{},"b":{},"_coverageSchema":"1a1c01bbd47fc00a2c39e90264f33305004495a9","hash":"099b45e722d177c98f289ce16ba64d83477b2f16"}
,"C:\\Users\\User\\Desktop\\Apply Job\\test\\MC Payment\\routes\\index.js": {"path":"C:\\Users\\User\\Desktop\\Apply Job\\test\\MC Payment\\routes\\index.js","statementMap":{"0":{"start":{"line":1,"column":16},"end":{"line":1,"column":34}},"1":{"start":{"line":2,"column":15},"end":{"line":2,"column":31}},"2":{"start":{"line":3,"column":25},"end":{"line":3,"column":54}},"3":{"start":{"line":4,"column":22},"end":{"line":4,"column":48}},"4":{"start":{"line":5,"column":27},"end":{"line":5,"column":58}},"5":{"start":{"line":7,"column":0},"end":{"line":7,"column":44}},"6":{"start":{"line":8,"column":0},"end":{"line":8,"column":38}},"7":{"start":{"line":9,"column":0},"end":{"line":9,"column":48}},"8":{"start":{"line":11,"column":0},"end":{"line":11,"column":24}}},"fnMap":{},"branchMap":{},"s":{"0":3,"1":3,"2":3,"3":3,"4":3,"5":3,"6":3,"7":3,"8":3},"f":{},"b":{},"_coverageSchema":"1a1c01bbd47fc00a2c39e90264f33305004495a9","hash":"3ce3ec45d64ec2e15f56419f98aebdbfbef18552"}
,"C:\\Users\\User\\Desktop\\Apply Job\\test\\MC Payment\\routes\\transactionsRouter.js": {"path":"C:\\Users\\User\\Desktop\\Apply Job\\test\\MC Payment\\routes\\transactionsRouter.js","statementMap":{"0":{"start":{"line":1,"column":15},"end":{"line":1,"column":42}},"1":{"start":{"line":2,"column":30},"end":{"line":2,"column":78}},"2":{"start":{"line":4,"column":0},"end":{"line":4,"column":54}},"3":{"start":{"line":5,"column":0},"end":{"line":5,"column":55}},"4":{"start":{"line":6,"column":0},"end":{"line":6,"column":74}},"5":{"start":{"line":7,"column":0},"end":{"line":7,"column":74}},"6":{"start":{"line":8,"column":0},"end":{"line":8,"column":71}},"7":{"start":{"line":10,"column":0},"end":{"line":10,"column":24}}},"fnMap":{},"branchMap":{},"s":{"0":3,"1":3,"2":3,"3":3,"4":3,"5":3,"6":3,"7":3},"f":{},"b":{},"_coverageSchema":"1a1c01bbd47fc00a2c39e90264f33305004495a9","hash":"6a4acef23b45f49d183e7351f1af39be0a498381"}
,"C:\\Users\\User\\Desktop\\Apply Job\\test\\MC Payment\\routes\\walletsRouter.js": {"path":"C:\\Users\\User\\Desktop\\Apply Job\\test\\MC Payment\\routes\\walletsRouter.js","statementMap":{"0":{"start":{"line":1,"column":15},"end":{"line":1,"column":42}},"1":{"start":{"line":2,"column":25},"end":{"line":2,"column":68}},"2":{"start":{"line":4,"column":0},"end":{"line":4,"column":47}},"3":{"start":{"line":5,"column":0},"end":{"line":5,"column":45}},"4":{"start":{"line":6,"column":0},"end":{"line":6,"column":59}},"5":{"start":{"line":7,"column":0},"end":{"line":7,"column":58}},"6":{"start":{"line":8,"column":0},"end":{"line":8,"column":59}},"7":{"start":{"line":10,"column":0},"end":{"line":10,"column":24}}},"fnMap":{},"branchMap":{},"s":{"0":3,"1":3,"2":3,"3":3,"4":3,"5":3,"6":3,"7":3},"f":{},"b":{},"_coverageSchema":"1a1c01bbd47fc00a2c39e90264f33305004495a9","hash":"d58a7eea017e862910601210523dfa920bf7b529"}
}
