TN:
SF:app.js
FNF:0
FNH:0
DA:1,3
DA:2,3
DA:3,3
DA:4,3
DA:5,3
DA:6,3
DA:8,3
DA:9,3
DA:10,3
DA:12,3
DA:13,3
DA:19,3
LF:12
LH:12
BRF:0
BRH:0
end_of_record
TN:
SF:controllers\category-controller.js
FN:4,(anonymous_0)
FN:17,(anonymous_1)
FN:29,(anonymous_2)
FN:53,(anonymous_3)
FNF:4
FNH:4
FNDA:1,(anonymous_0)
FNDA:3,(anonymous_1)
FNDA:4,(anonymous_2)
FNDA:2,(anonymous_3)
DA:1,3
DA:5,1
DA:6,1
DA:11,1
DA:13,0
DA:18,3
DA:19,3
DA:20,3
DA:21,1
DA:25,2
DA:30,4
DA:31,4
DA:32,4
DA:33,4
DA:34,4
DA:36,2
DA:37,2
DA:39,1
DA:43,1
DA:45,1
DA:49,3
DA:54,2
DA:55,2
DA:56,2
DA:58,2
DA:59,2
DA:61,1
DA:65,1
DA:70,3
LF:29
LH:28
BRDA:33,0,0,0
BRDA:33,0,1,4
BRDA:34,1,0,2
BRDA:34,1,1,2
BRDA:34,2,0,4
BRDA:34,2,1,3
BRDA:37,3,0,1
BRDA:37,3,1,1
BRDA:43,4,0,0
BRDA:43,4,1,1
BRDA:56,5,0,0
BRDA:56,5,1,2
BRDA:59,6,0,1
BRDA:59,6,1,1
BRF:14
BRH:11
end_of_record
TN:
SF:controllers\transaction-controller.js
FN:5,(anonymous_0)
FN:57,(anonymous_1)
FN:75,(anonymous_2)
FN:101,(anonymous_3)
FN:200,(anonymous_4)
FNF:5
FNH:5
FNDA:9,(anonymous_0)
FNDA:1,(anonymous_1)
FNDA:3,(anonymous_2)
FNDA:12,(anonymous_3)
FNDA:5,(anonymous_4)
DA:1,3
DA:2,3
DA:6,9
DA:7,9
DA:8,9
DA:10,9
DA:13,9
DA:15,7
DA:16,7
DA:18,5
DA:32,2
DA:33,2
DA:34,1
DA:35,1
DA:36,1
DA:38,2
DA:39,1
DA:45,1
DA:47,1
DA:48,1
DA:52,8
DA:53,8
DA:58,1
DA:59,1
DA:69,1
DA:71,0
DA:76,3
DA:77,3
DA:78,3
DA:80,2
DA:93,2
DA:95,1
DA:97,2
DA:102,12
DA:103,12
DA:104,12
DA:105,12
DA:107,11
DA:108,11
DA:110,11
DA:113,11
DA:115,10
DA:120,10
DA:125,9
DA:127,9
DA:128,8
DA:129,1
DA:130,1
DA:132,9
DA:136,9
DA:138,9
DA:141,9
DA:143,5
DA:146,5
DA:148,4
DA:151,4
DA:153,3
DA:154,3
DA:155,1
DA:156,2
DA:157,2
DA:160,3
DA:164,3
DA:166,3
DA:169,3
DA:172,3
DA:187,3
DA:189,3
DA:191,3
DA:195,9
DA:196,9
DA:201,5
DA:202,5
DA:203,5
DA:204,5
DA:206,4
DA:209,4
DA:211,3
DA:214,3
DA:216,3
DA:219,3
DA:221,3
DA:222,3
DA:223,2
DA:224,1
DA:225,1
DA:227,3
DA:233,3
DA:235,3
DA:242,3
DA:245,3
DA:247,2
DA:248,2
DA:252,3
DA:253,3
DA:258,3
LF:96
LH:95
BRDA:13,0,0,2
BRDA:13,0,1,7
BRDA:16,1,0,2
BRDA:16,1,1,5
BRDA:33,2,0,1
BRDA:33,2,1,1
BRDA:35,3,0,1
BRDA:35,3,1,0
BRDA:38,4,0,1
BRDA:38,4,1,1
BRDA:45,5,0,0
BRDA:45,5,1,1
BRDA:78,6,0,1
BRDA:78,6,1,2
BRDA:93,7,0,1
BRDA:93,7,1,1
BRDA:105,8,0,1
BRDA:105,8,1,11
BRDA:108,9,0,0
BRDA:108,9,1,11
BRDA:113,10,0,1
BRDA:113,10,1,10
BRDA:120,11,0,9
BRDA:120,11,1,1
BRDA:121,12,0,10
BRDA:121,12,1,8
BRDA:121,12,2,2
BRDA:127,13,0,8
BRDA:127,13,1,1
BRDA:129,14,0,1
BRDA:129,14,1,0
BRDA:136,15,0,0
BRDA:136,15,1,9
BRDA:141,16,0,4
BRDA:141,16,1,5
BRDA:146,17,0,1
BRDA:146,17,1,4
BRDA:151,18,0,1
BRDA:151,18,1,3
BRDA:154,19,0,1
BRDA:154,19,1,2
BRDA:156,20,0,2
BRDA:156,20,1,0
BRDA:164,21,0,0
BRDA:164,21,1,3
BRDA:169,22,0,1
BRDA:169,22,1,2
BRDA:187,23,0,0
BRDA:187,23,1,3
BRDA:204,24,0,1
BRDA:204,24,1,4
BRDA:209,25,0,1
BRDA:209,25,1,3
BRDA:214,26,0,0
BRDA:214,26,1,3
BRDA:219,27,0,0
BRDA:219,27,1,3
BRDA:222,28,0,2
BRDA:222,28,1,1
BRDA:224,29,0,1
BRDA:224,29,1,0
BRDA:233,30,0,0
BRDA:233,30,1,3
BRDA:245,31,0,1
BRDA:245,31,1,2
BRF:65
BRH:53
end_of_record
TN:
SF:controllers\wallet-controller.js
FN:5,(anonymous_0)
FN:20,(anonymous_1)
FN:47,(anonymous_2)
FN:62,(anonymous_3)
FN:82,(anonymous_4)
FNF:5
FNH:5
FNDA:1,(anonymous_0)
FNDA:3,(anonymous_1)
FNDA:3,(anonymous_2)
FNDA:3,(anonymous_3)
FNDA:6,(anonymous_4)
DA:1,3
DA:2,3
DA:6,1
DA:7,1
DA:14,1
DA:16,0
DA:21,3
DA:22,3
DA:23,3
DA:25,2
DA:38,2
DA:39,2
DA:41,1
DA:43,2
DA:48,3
DA:49,3
DA:50,3
DA:54,1
DA:58,2
DA:63,3
DA:64,3
DA:65,3
DA:67,2
DA:72,2
DA:74,1
DA:78,2
DA:83,6
DA:84,6
DA:85,6
DA:86,6
DA:87,5
DA:88,2
DA:91,3
DA:92,3
DA:94,1
DA:102,1
DA:104,1
DA:108,5
DA:113,3
LF:39
LH:38
BRDA:23,0,0,1
BRDA:23,0,1,2
BRDA:39,1,0,1
BRDA:39,1,1,1
BRDA:65,2,0,1
BRDA:65,2,1,2
BRDA:72,3,0,1
BRDA:72,3,1,1
BRDA:86,4,0,1
BRDA:86,4,1,5
BRDA:87,5,0,2
BRDA:87,5,1,3
BRDA:92,6,0,2
BRDA:92,6,1,1
BRDA:102,7,0,0
BRDA:102,7,1,1
BRF:16
BRH:15
end_of_record
TN:
SF:middlewares\errorHandler.js
FN:1,errorHandler
FN:7,(anonymous_1)
FNF:2
FNH:2
FNDA:39,errorHandler
FNDA:8,(anonymous_1)
DA:2,39
DA:3,39
DA:7,7
DA:8,8
DA:10,7
DA:11,32
DA:12,6
DA:13,26
DA:14,4
DA:15,22
DA:16,7
DA:17,15
DA:18,15
DA:20,0
DA:24,3
LF:15
LH:14
BRDA:3,0,0,7
BRDA:3,0,1,32
BRDA:4,1,0,39
BRDA:4,1,1,32
BRDA:11,2,0,6
BRDA:11,2,1,26
BRDA:13,3,0,4
BRDA:13,3,1,22
BRDA:15,4,0,7
BRDA:15,4,1,15
BRDA:17,5,0,15
BRDA:17,5,1,0
BRF:12
BRH:11
end_of_record
TN:
SF:models\category.js
FN:3,(anonymous_0)
FN:10,(anonymous_1)
FNF:2
FNH:2
FNDA:3,(anonymous_0)
FNDA:3,(anonymous_1)
DA:2,3
DA:3,3
DA:12,3
DA:15,3
DA:47,3
LF:5
LH:5
BRF:0
BRH:0
end_of_record
TN:
SF:models\index.js
FN:21,(anonymous_0)
FN:24,(anonymous_1)
FN:29,(anonymous_2)
FNF:3
FNH:3
FNDA:12,(anonymous_0)
FNDA:9,(anonymous_1)
FNDA:9,(anonymous_2)
DA:3,3
DA:4,3
DA:5,3
DA:6,3
DA:7,3
DA:8,3
DA:9,3
DA:10,3
DA:13,3
DA:14,0
DA:16,3
DA:19,3
DA:22,12
DA:25,9
DA:26,9
DA:29,3
DA:30,9
DA:31,9
DA:35,3
DA:36,3
DA:38,3
LF:21
LH:20
BRDA:8,0,0,3
BRDA:8,0,1,0
BRDA:13,1,0,0
BRDA:13,1,1,3
BRDA:22,2,0,12
BRDA:22,2,1,12
BRDA:22,2,2,9
BRDA:30,3,0,9
BRDA:30,3,1,0
BRF:9
BRH:6
end_of_record
TN:
SF:models\transaction.js
FN:3,(anonymous_0)
FN:10,(anonymous_1)
FNF:2
FNH:2
FNDA:3,(anonymous_0)
FNDA:3,(anonymous_1)
DA:2,3
DA:3,3
DA:12,3
DA:13,3
DA:16,3
DA:91,3
LF:6
LH:6
BRF:0
BRH:0
end_of_record
TN:
SF:models\wallet.js
FN:3,(anonymous_0)
FN:10,(anonymous_1)
FN:38,(anonymous_2)
FNF:3
FNH:3
FNDA:3,(anonymous_0)
FNDA:3,(anonymous_1)
FNDA:1,(anonymous_2)
DA:2,3
DA:3,3
DA:12,3
DA:15,3
DA:38,3
DA:39,1
DA:41,3
LF:7
LH:7
BRF:0
BRH:0
end_of_record
TN:
SF:routes\categoriesRouter.js
FNF:0
FNH:0
DA:1,3
DA:2,3
DA:4,3
DA:5,3
DA:6,3
DA:7,3
DA:9,3
LF:7
LH:7
BRF:0
BRH:0
end_of_record
TN:
SF:routes\index.js
FNF:0
FNH:0
DA:1,3
DA:2,3
DA:3,3
DA:4,3
DA:5,3
DA:7,3
DA:8,3
DA:9,3
DA:11,3
LF:9
LH:9
BRF:0
BRH:0
end_of_record
TN:
SF:routes\transactionsRouter.js
FNF:0
FNH:0
DA:1,3
DA:2,3
DA:4,3
DA:5,3
DA:6,3
DA:7,3
DA:8,3
DA:10,3
LF:8
LH:8
BRF:0
BRH:0
end_of_record
TN:
SF:routes\walletsRouter.js
FNF:0
FNH:0
DA:1,3
DA:2,3
DA:4,3
DA:5,3
DA:6,3
DA:7,3
DA:8,3
DA:10,3
LF:8
LH:8
BRF:0
BRH:0
end_of_record
