TN:
SF:app.js
FNF:0
FNH:0
DA:1,3
DA:2,3
DA:3,3
DA:4,3
DA:5,3
DA:6,3
DA:8,3
DA:9,3
DA:10,3
DA:12,3
DA:13,3
DA:19,3
LF:12
LH:12
BRF:0
BRH:0
end_of_record
TN:
SF:controllers\category-controller.js
FN:4,(anonymous_0)
FN:17,(anonymous_1)
FN:29,(anonymous_2)
FN:52,(anonymous_3)
FNF:4
FNH:4
FNDA:1,(anonymous_0)
FNDA:5,(anonymous_1)
FNDA:4,(anonymous_2)
FNDA:3,(anonymous_3)
DA:1,3
DA:5,1
DA:6,1
DA:11,1
DA:13,0
DA:18,5
DA:19,5
DA:20,5
DA:21,1
DA:25,4
DA:30,4
DA:31,4
DA:32,4
DA:33,4
DA:34,4
DA:36,2
DA:37,2
DA:39,1
DA:44,1
DA:48,3
DA:53,3
DA:54,3
DA:55,3
DA:57,2
DA:58,2
DA:60,1
DA:64,2
DA:69,3
LF:28
LH:27
BRDA:33,0,0,0
BRDA:33,0,1,4
BRDA:34,1,0,2
BRDA:34,1,1,2
BRDA:34,2,0,4
BRDA:34,2,1,3
BRDA:37,3,0,1
BRDA:37,3,1,1
BRDA:55,4,0,1
BRDA:55,4,1,2
BRDA:58,5,0,1
BRDA:58,5,1,1
BRF:12
BRH:11
end_of_record
TN:
SF:controllers\transaction-controller.js
FN:5,(anonymous_0)
FN:57,(anonymous_1)
FN:75,(anonymous_2)
FN:101,(anonymous_3)
FN:197,(anonymous_4)
FNF:5
FNH:5
FNDA:10,(anonymous_0)
FNDA:1,(anonymous_1)
FNDA:3,(anonymous_2)
FNDA:13,(anonymous_3)
FNDA:5,(anonymous_4)
DA:1,3
DA:2,3
DA:6,10
DA:7,10
DA:8,10
DA:10,10
DA:13,10
DA:15,8
DA:16,8
DA:18,6
DA:32,3
DA:33,3
DA:34,1
DA:35,2
DA:36,2
DA:38,3
DA:39,2
DA:45,2
DA:47,2
DA:48,2
DA:52,8
DA:53,8
DA:58,1
DA:59,1
DA:69,1
DA:71,0
DA:76,3
DA:77,3
DA:78,3
DA:80,2
DA:93,2
DA:95,1
DA:97,2
DA:102,13
DA:103,13
DA:104,13
DA:105,13
DA:107,12
DA:108,12
DA:110,11
DA:113,11
DA:115,10
DA:120,10
DA:125,9
DA:127,9
DA:128,8
DA:129,1
DA:130,1
DA:132,9
DA:137,9
DA:140,9
DA:142,5
DA:145,5
DA:147,4
DA:150,4
DA:152,3
DA:153,3
DA:154,1
DA:155,2
DA:156,2
DA:159,3
DA:164,3
DA:167,3
DA:170,3
DA:186,3
DA:188,3
DA:192,10
DA:193,10
DA:198,5
DA:199,5
DA:200,5
DA:201,5
DA:203,4
DA:206,4
DA:208,3
DA:212,3
DA:216,3
DA:217,3
DA:218,2
DA:219,1
DA:220,1
DA:222,3
DA:228,3
DA:230,3
DA:237,3
DA:240,3
DA:242,2
DA:243,2
DA:247,3
DA:248,3
DA:253,3
LF:91
LH:90
BRDA:13,0,0,2
BRDA:13,0,1,8
BRDA:16,1,0,2
BRDA:16,1,1,6
BRDA:33,2,0,1
BRDA:33,2,1,2
BRDA:35,3,0,2
BRDA:35,3,1,0
BRDA:38,4,0,1
BRDA:38,4,1,2
BRDA:45,5,0,0
BRDA:45,5,1,2
BRDA:78,6,0,1
BRDA:78,6,1,2
BRDA:93,7,0,1
BRDA:93,7,1,1
BRDA:105,8,0,1
BRDA:105,8,1,12
BRDA:108,9,0,1
BRDA:108,9,1,11
BRDA:113,10,0,1
BRDA:113,10,1,10
BRDA:120,11,0,9
BRDA:120,11,1,1
BRDA:121,12,0,10
BRDA:121,12,1,8
BRDA:121,12,2,2
BRDA:127,13,0,8
BRDA:127,13,1,1
BRDA:129,14,0,1
BRDA:129,14,1,0
BRDA:140,15,0,4
BRDA:140,15,1,5
BRDA:145,16,0,1
BRDA:145,16,1,4
BRDA:150,17,0,1
BRDA:150,17,1,3
BRDA:153,18,0,1
BRDA:153,18,1,2
BRDA:155,19,0,2
BRDA:155,19,1,0
BRDA:167,20,0,1
BRDA:167,20,1,2
BRDA:201,21,0,1
BRDA:201,21,1,4
BRDA:206,22,0,1
BRDA:206,22,1,3
BRDA:217,23,0,2
BRDA:217,23,1,1
BRDA:219,24,0,1
BRDA:219,24,1,0
BRDA:228,25,0,0
BRDA:228,25,1,3
BRDA:240,26,0,1
BRDA:240,26,1,2
BRF:55
BRH:49
end_of_record
TN:
SF:controllers\wallet-controller.js
FN:5,(anonymous_0)
FN:20,(anonymous_1)
FN:47,(anonymous_2)
FN:62,(anonymous_3)
FN:82,(anonymous_4)
FNF:5
FNH:5
FNDA:1,(anonymous_0)
FNDA:3,(anonymous_1)
FNDA:3,(anonymous_2)
FNDA:3,(anonymous_3)
FNDA:6,(anonymous_4)
DA:1,3
DA:2,3
DA:6,1
DA:7,1
DA:14,1
DA:16,0
DA:21,3
DA:22,3
DA:23,3
DA:25,2
DA:38,2
DA:39,2
DA:41,1
DA:43,2
DA:48,3
DA:49,3
DA:50,3
DA:54,1
DA:58,2
DA:63,3
DA:64,3
DA:65,3
DA:67,2
DA:72,2
DA:74,1
DA:78,2
DA:83,6
DA:84,6
DA:85,6
DA:86,6
DA:87,5
DA:88,2
DA:91,3
DA:92,3
DA:94,1
DA:102,1
DA:104,1
DA:108,5
DA:113,3
LF:39
LH:38
BRDA:23,0,0,1
BRDA:23,0,1,2
BRDA:39,1,0,1
BRDA:39,1,1,1
BRDA:65,2,0,1
BRDA:65,2,1,2
BRDA:72,3,0,1
BRDA:72,3,1,1
BRDA:86,4,0,1
BRDA:86,4,1,5
BRDA:87,5,0,2
BRDA:87,5,1,3
BRDA:92,6,0,2
BRDA:92,6,1,1
BRDA:102,7,0,0
BRDA:102,7,1,1
BRF:16
BRH:15
end_of_record
TN:
SF:middlewares\errorHandler.js
FN:1,errorHandler
FN:7,(anonymous_1)
FNF:2
FNH:2
FNDA:43,errorHandler
FNDA:10,(anonymous_1)
DA:2,43
DA:3,43
DA:7,9
DA:8,10
DA:10,9
DA:11,34
DA:12,7
DA:13,27
DA:14,5
DA:15,22
DA:16,7
DA:17,15
DA:18,15
DA:20,0
DA:24,3
LF:15
LH:14
BRDA:3,0,0,9
BRDA:3,0,1,34
BRDA:4,1,0,43
BRDA:4,1,1,34
BRDA:11,2,0,7
BRDA:11,2,1,27
BRDA:13,3,0,5
BRDA:13,3,1,22
BRDA:15,4,0,7
BRDA:15,4,1,15
BRDA:17,5,0,15
BRDA:17,5,1,0
BRF:12
BRH:11
end_of_record
TN:
SF:models\category.js
FN:3,(anonymous_0)
FN:10,(anonymous_1)
FNF:2
FNH:2
FNDA:3,(anonymous_0)
FNDA:3,(anonymous_1)
DA:2,3
DA:3,3
DA:12,3
DA:15,3
DA:47,3
LF:5
LH:5
BRF:0
BRH:0
end_of_record
TN:
SF:models\index.js
FN:21,(anonymous_0)
FN:24,(anonymous_1)
FN:29,(anonymous_2)
FNF:3
FNH:3
FNDA:12,(anonymous_0)
FNDA:9,(anonymous_1)
FNDA:9,(anonymous_2)
DA:3,3
DA:4,3
DA:5,3
DA:6,3
DA:7,3
DA:8,3
DA:9,3
DA:10,3
DA:13,3
DA:14,0
DA:16,3
DA:19,3
DA:22,12
DA:25,9
DA:26,9
DA:29,3
DA:30,9
DA:31,9
DA:35,3
DA:36,3
DA:38,3
LF:21
LH:20
BRDA:8,0,0,3
BRDA:8,0,1,0
BRDA:13,1,0,0
BRDA:13,1,1,3
BRDA:22,2,0,12
BRDA:22,2,1,12
BRDA:22,2,2,9
BRDA:30,3,0,9
BRDA:30,3,1,0
BRF:9
BRH:6
end_of_record
TN:
SF:models\transaction.js
FN:3,(anonymous_0)
FN:10,(anonymous_1)
FNF:2
FNH:2
FNDA:3,(anonymous_0)
FNDA:3,(anonymous_1)
DA:2,3
DA:3,3
DA:12,3
DA:13,3
DA:16,3
DA:91,3
LF:6
LH:6
BRF:0
BRH:0
end_of_record
TN:
SF:models\wallet.js
FN:3,(anonymous_0)
FN:10,(anonymous_1)
FN:38,(anonymous_2)
FNF:3
FNH:3
FNDA:3,(anonymous_0)
FNDA:3,(anonymous_1)
FNDA:1,(anonymous_2)
DA:2,3
DA:3,3
DA:12,3
DA:15,3
DA:38,3
DA:39,1
DA:41,3
LF:7
LH:7
BRF:0
BRH:0
end_of_record
TN:
SF:routes\categoriesRouter.js
FNF:0
FNH:0
DA:1,3
DA:2,3
DA:4,3
DA:5,3
DA:6,3
DA:7,3
DA:9,3
LF:7
LH:7
BRF:0
BRH:0
end_of_record
TN:
SF:routes\index.js
FNF:0
FNH:0
DA:1,3
DA:2,3
DA:3,3
DA:4,3
DA:5,3
DA:7,3
DA:8,3
DA:9,3
DA:11,3
LF:9
LH:9
BRF:0
BRH:0
end_of_record
TN:
SF:routes\transactionsRouter.js
FNF:0
FNH:0
DA:1,3
DA:2,3
DA:4,3
DA:5,3
DA:6,3
DA:7,3
DA:8,3
DA:10,3
LF:8
LH:8
BRF:0
BRH:0
end_of_record
TN:
SF:routes\walletsRouter.js
FNF:0
FNH:0
DA:1,3
DA:2,3
DA:4,3
DA:5,3
DA:6,3
DA:7,3
DA:8,3
DA:10,3
LF:8
LH:8
BRF:0
BRH:0
end_of_record
